{"C:\\Users\\User\\Desktop\\nodejs\\tickets\\src\\index.ts": {"path":"C:\\Users\\User\\Desktop\\nodejs\\tickets\\src\\index.ts","statementMap":{"0":{"start":{"line":1,"column":0},"end":{"line":1,"column":29}},"1":{"start":{"line":2,"column":0},"end":{"line":2,"column":23}},"2":{"start":{"line":3,"column":0},"end":{"line":3,"column":27}},"3":{"start":{"line":4,"column":0},"end":{"line":4,"column":39}},"4":{"start":{"line":5,"column":0},"end":{"line":5,"column":31}},"5":{"start":{"line":7,"column":0},"end":{"line":7,"column":null}},"6":{"start":{"line":9,"column":12},"end":{"line":9,"column":21}},"7":{"start":{"line":10,"column":0},"end":{"line":10,"column":null}},"8":{"start":{"line":11,"column":0},"end":{"line":11,"column":null}},"9":{"start":{"line":13,"column":0},"end":{"line":13,"column":null}},"10":{"start":{"line":15,"column":13},"end":{"line":15,"column":17}},"11":{"start":{"line":17,"column":15},"end":{"line":17,"column":84}},"12":{"start":{"line":17,"column":38},"end":{"line":17,"column":83}},"13":{"start":{"line":18,"column":0},"end":{"line":18,"column":null}},"14":{"start":{"line":18,"column":51},"end":{"line":18,"column":84}},"15":{"start":{"line":20,"column":0},"end":{"line":20,"column":null}}},"fnMap":{"0":{"name":"(anonymous_1)","decl":{"start":{"line":17,"column":32},"end":{"line":17,"column":35}},"loc":{"start":{"line":17,"column":38},"end":{"line":17,"column":83}}},"1":{"name":"(anonymous_2)","decl":{"start":{"line":18,"column":45},"end":{"line":18,"column":48}},"loc":{"start":{"line":18,"column":51},"end":{"line":18,"column":84}}}},"branchMap":{},"s":{"0":2,"1":2,"2":2,"3":2,"4":2,"5":2,"6":2,"7":2,"8":2,"9":2,"10":2,"11":2,"12":2,"13":2,"14":2,"15":2},"f":{"0":2,"1":2},"b":{}}
,"C:\\Users\\User\\Desktop\\nodejs\\tickets\\src\\constants\\user.ts": {"path":"C:\\Users\\User\\Desktop\\nodejs\\tickets\\src\\constants\\user.ts","statementMap":{"0":{"start":{"line":1,"column":13},"end":{"line":1,"column":null}},"1":{"start":{"line":2,"column":13},"end":{"line":2,"column":null}}},"fnMap":{},"branchMap":{},"s":{"0":2,"1":2},"f":{},"b":{}}
,"C:\\Users\\User\\Desktop\\nodejs\\tickets\\src\\controllers\\user\\createUser.ts": {"path":"C:\\Users\\User\\Desktop\\nodejs\\tickets\\src\\controllers\\user\\createUser.ts","statementMap":{"0":{"start":{"line":1,"column":0},"end":{"line":1,"column":58}},"1":{"start":{"line":5,"column":0},"end":{"line":5,"column":55}},"2":{"start":{"line":6,"column":0},"end":{"line":6,"column":63}},"3":{"start":{"line":11,"column":4},"end":{"line":26,"column":null}},"4":{"start":{"line":12,"column":8},"end":{"line":25,"column":null}},"5":{"start":{"line":13,"column":26},"end":{"line":13,"column":54}},"6":{"start":{"line":15,"column":25},"end":{"line":15,"column":43}},"7":{"start":{"line":16,"column":12},"end":{"line":16,"column":null}},"8":{"start":{"line":18,"column":29},"end":{"line":18,"column":50}},"9":{"start":{"line":19,"column":28},"end":{"line":19,"column":59}},"10":{"start":{"line":21,"column":12},"end":{"line":21,"column":null}},"11":{"start":{"line":23,"column":12},"end":{"line":23,"column":null}},"12":{"start":{"line":24,"column":12},"end":{"line":24,"column":null}},"13":{"start":{"line":29,"column":0},"end":{"line":29,"column":null}}},"fnMap":{"0":{"name":"(anonymous_1)","decl":{"start":{"line":9,"column":0},"end":{"line":9,"column":6}},"loc":{"start":{"line":9,"column":0},"end":{"line":27,"column":1}}},"1":{"name":"(anonymous_2)","decl":{"start":{"line":11,"column":17},"end":{"line":11,"column":22}},"loc":{"start":{"line":11,"column":56},"end":{"line":26,"column":5}}}},"branchMap":{},"s":{"0":2,"1":2,"2":2,"3":3,"4":3,"5":3,"6":3,"7":3,"8":2,"9":2,"10":2,"11":1,"12":1,"13":2},"f":{"0":3,"1":3},"b":{}}
,"C:\\Users\\User\\Desktop\\nodejs\\tickets\\src\\criptography\\hash\\hash.ts": {"path":"C:\\Users\\User\\Desktop\\nodejs\\tickets\\src\\criptography\\hash\\hash.ts","statementMap":{"0":{"start":{"line":1,"column":0},"end":{"line":1,"column":27}},"1":{"start":{"line":6,"column":29},"end":{"line":6,"column":60}},"2":{"start":{"line":7,"column":8},"end":{"line":7,"column":null}},"3":{"start":{"line":13,"column":0},"end":{"line":13,"column":null}}},"fnMap":{"0":{"name":"(anonymous_1)","decl":{"start":{"line":5,"column":4},"end":{"line":5,"column":9}},"loc":{"start":{"line":5,"column":40},"end":{"line":8,"column":5}}}},"branchMap":{},"s":{"0":2,"1":3,"2":2,"3":2},"f":{"0":3},"b":{}}
,"C:\\Users\\User\\Desktop\\nodejs\\tickets\\src\\middlewares\\user\\verify_user.ts": {"path":"C:\\Users\\User\\Desktop\\nodejs\\tickets\\src\\middlewares\\user\\verify_user.ts","statementMap":{"0":{"start":{"line":1,"column":0},"end":{"line":1,"column":33}},"1":{"start":{"line":2,"column":0},"end":{"line":2,"column":49}},"2":{"start":{"line":3,"column":0},"end":{"line":3,"column":58}},"3":{"start":{"line":5,"column":19},"end":{"line":24,"column":1}},"4":{"start":{"line":6,"column":17},"end":{"line":6,"column":25}},"5":{"start":{"line":8,"column":21},"end":{"line":8,"column":42}},"6":{"start":{"line":10,"column":32},"end":{"line":10,"column":67}},"7":{"start":{"line":11,"column":4},"end":{"line":11,"column":null}},"8":{"start":{"line":11,"column":28},"end":{"line":11,"column":null}},"9":{"start":{"line":13,"column":19},"end":{"line":13,"column":69}},"10":{"start":{"line":14,"column":20},"end":{"line":14,"column":49}},"11":{"start":{"line":15,"column":29},"end":{"line":15,"column":70}},"12":{"start":{"line":16,"column":20},"end":{"line":16,"column":55}},"13":{"start":{"line":17,"column":22},"end":{"line":17,"column":74}},"14":{"start":{"line":18,"column":25},"end":{"line":18,"column":85}},"15":{"start":{"line":19,"column":23},"end":{"line":19,"column":54}},"16":{"start":{"line":21,"column":4},"end":{"line":21,"column":null}},"17":{"start":{"line":21,"column":101},"end":{"line":21,"column":null}},"18":{"start":{"line":22,"column":4},"end":{"line":22,"column":null}},"19":{"start":{"line":26,"column":0},"end":{"line":26,"column":null}}},"fnMap":{"0":{"name":"(anonymous_1)","decl":{"start":{"line":5,"column":19},"end":{"line":5,"column":24}},"loc":{"start":{"line":5,"column":44},"end":{"line":24,"column":1}}}},"branchMap":{"0":{"loc":{"start":{"line":11,"column":4},"end":{"line":11,"column":null}},"type":"if","locations":[{"start":{"line":11,"column":4},"end":{"line":11,"column":null}}]},"1":{"loc":{"start":{"line":13,"column":19},"end":{"line":13,"column":69}},"type":"binary-expr","locations":[{"start":{"line":13,"column":20},"end":{"line":13,"column":41}},{"start":{"line":13,"column":47},"end":{"line":13,"column":68}}]},"2":{"loc":{"start":{"line":17,"column":22},"end":{"line":17,"column":74}},"type":"binary-expr","locations":[{"start":{"line":17,"column":22},"end":{"line":17,"column":46}},{"start":{"line":17,"column":50},"end":{"line":17,"column":74}}]},"3":{"loc":{"start":{"line":18,"column":25},"end":{"line":18,"column":85}},"type":"binary-expr","locations":[{"start":{"line":18,"column":25},"end":{"line":18,"column":53}},{"start":{"line":18,"column":57},"end":{"line":18,"column":85}}]},"4":{"loc":{"start":{"line":21,"column":4},"end":{"line":21,"column":null}},"type":"if","locations":[{"start":{"line":21,"column":4},"end":{"line":21,"column":null}}]},"5":{"loc":{"start":{"line":21,"column":8},"end":{"line":21,"column":99}},"type":"binary-expr","locations":[{"start":{"line":21,"column":8},"end":{"line":21,"column":14}},{"start":{"line":21,"column":18},"end":{"line":21,"column":25}},{"start":{"line":21,"column":29},"end":{"line":21,"column":45}},{"start":{"line":21,"column":49},"end":{"line":21,"column":56}},{"start":{"line":21,"column":60},"end":{"line":21,"column":69}},{"start":{"line":21,"column":73},"end":{"line":21,"column":85}},{"start":{"line":21,"column":89},"end":{"line":21,"column":99}}]}},"s":{"0":2,"1":2,"2":2,"3":2,"4":4,"5":4,"6":4,"7":4,"8":1,"9":3,"10":3,"11":3,"12":3,"13":3,"14":3,"15":3,"16":3,"17":2,"18":1,"19":2},"f":{"0":4},"b":{"0":[1],"1":[3,3],"2":[3,3],"3":[3,3],"4":[2],"5":[3,3,2,2,2,2,2]}}
,"C:\\Users\\User\\Desktop\\nodejs\\tickets\\src\\mocks\\user\\user.ts": {"path":"C:\\Users\\User\\Desktop\\nodejs\\tickets\\src\\mocks\\user\\user.ts","statementMap":{"0":{"start":{"line":1,"column":0},"end":{"line":1,"column":27}},"1":{"start":{"line":3,"column":23},"end":{"line":6,"column":1}},"2":{"start":{"line":4,"column":17},"end":{"line":4,"column":52}},"3":{"start":{"line":5,"column":4},"end":{"line":5,"column":null}},"4":{"start":{"line":8,"column":13},"end":{"line":16,"column":null}},"5":{"start":{"line":18,"column":13},"end":{"line":26,"column":null}},"6":{"start":{"line":28,"column":13},"end":{"line":36,"column":null}},"7":{"start":{"line":38,"column":13},"end":{"line":46,"column":null}}},"fnMap":{"0":{"name":"(anonymous_1)","decl":{"start":{"line":3,"column":23},"end":{"line":3,"column":26}},"loc":{"start":{"line":3,"column":28},"end":{"line":6,"column":1}}}},"branchMap":{},"s":{"0":2,"1":2,"2":4,"3":4,"4":2,"5":2,"6":2,"7":2},"f":{"0":4},"b":{}}
,"C:\\Users\\User\\Desktop\\nodejs\\tickets\\src\\models\\user\\User.ts": {"path":"C:\\Users\\User\\Desktop\\nodejs\\tickets\\src\\models\\user\\User.ts","statementMap":{"0":{"start":{"line":1,"column":0},"end":{"line":1,"column":32}},"1":{"start":{"line":4,"column":19},"end":{"line":12,"column":2}},"2":{"start":{"line":14,"column":0},"end":{"line":14,"column":null}}},"fnMap":{},"branchMap":{},"s":{"0":2,"1":2,"2":2},"f":{},"b":{}}
,"C:\\Users\\User\\Desktop\\nodejs\\tickets\\src\\routes\\index.ts": {"path":"C:\\Users\\User\\Desktop\\nodejs\\tickets\\src\\routes\\index.ts","statementMap":{"0":{"start":{"line":1,"column":0},"end":{"line":1,"column":40}},"1":{"start":{"line":3,"column":13},"end":{"line":5,"column":null}}},"fnMap":{},"branchMap":{},"s":{"0":2,"1":2},"f":{},"b":{}}
,"C:\\Users\\User\\Desktop\\nodejs\\tickets\\src\\routes\\user\\user.ts": {"path":"C:\\Users\\User\\Desktop\\nodejs\\tickets\\src\\routes\\user\\user.ts","statementMap":{"0":{"start":{"line":1,"column":0},"end":{"line":1,"column":29}},"1":{"start":{"line":2,"column":0},"end":{"line":2,"column":58}},"2":{"start":{"line":3,"column":0},"end":{"line":3,"column":59}},"3":{"start":{"line":5,"column":13},"end":{"line":5,"column":29}},"4":{"start":{"line":7,"column":19},"end":{"line":7,"column":35}},"5":{"start":{"line":11,"column":9},"end":{"line":11,"column":19}},"6":{"start":{"line":9,"column":0},"end":{"line":9,"column":null}}},"fnMap":{},"branchMap":{},"s":{"0":2,"1":2,"2":2,"3":2,"4":2,"5":2,"6":2},"f":{},"b":{}}
,"C:\\Users\\User\\Desktop\\nodejs\\tickets\\src\\util\\database\\mongoose.ts": {"path":"C:\\Users\\User\\Desktop\\nodejs\\tickets\\src\\util\\database\\mongoose.ts","statementMap":{"0":{"start":{"line":1,"column":0},"end":{"line":1,"column":42}},"1":{"start":{"line":3,"column":0},"end":{"line":3,"column":38}},"2":{"start":{"line":9,"column":8},"end":{"line":9,"column":null}},"3":{"start":{"line":13,"column":8},"end":{"line":13,"column":null}},"4":{"start":{"line":17,"column":8},"end":{"line":17,"column":null}},"5":{"start":{"line":21,"column":0},"end":{"line":21,"column":null}}},"fnMap":{"0":{"name":"(anonymous_1)","decl":{"start":{"line":8,"column":4},"end":{"line":8,"column":null}},"loc":{"start":{"line":8,"column":4},"end":{"line":10,"column":5}}},"1":{"name":"(anonymous_2)","decl":{"start":{"line":12,"column":4},"end":{"line":12,"column":9}},"loc":{"start":{"line":12,"column":33},"end":{"line":14,"column":5}}},"2":{"name":"(anonymous_3)","decl":{"start":{"line":16,"column":4},"end":{"line":16,"column":9}},"loc":{"start":{"line":16,"column":32},"end":{"line":18,"column":5}}}},"branchMap":{},"s":{"0":2,"1":2,"2":6,"3":2,"4":4,"5":2},"f":{"0":6,"1":2,"2":4},"b":{}}
,"C:\\Users\\User\\Desktop\\nodejs\\tickets\\src\\util\\errors\\errors.ts": {"path":"C:\\Users\\User\\Desktop\\nodejs\\tickets\\src\\util\\errors\\errors.ts","statementMap":{"0":{"start":{"line":6,"column":8},"end":{"line":6,"column":null}},"1":{"start":{"line":7,"column":8},"end":{"line":7,"column":null}},"2":{"start":{"line":11,"column":8},"end":{"line":11,"column":null}},"3":{"start":{"line":11,"column":28},"end":{"line":11,"column":null}},"4":{"start":{"line":12,"column":8},"end":{"line":12,"column":null}},"5":{"start":{"line":17,"column":0},"end":{"line":17,"column":null}}},"fnMap":{"0":{"name":"(anonymous_0)","decl":{"start":{"line":5,"column":4},"end":{"line":5,"column":null}},"loc":{"start":{"line":5,"column":4},"end":{"line":8,"column":5}}},"1":{"name":"(anonymous_1)","decl":{"start":{"line":10,"column":4},"end":{"line":10,"column":9}},"loc":{"start":{"line":10,"column":36},"end":{"line":13,"column":5}}}},"branchMap":{"0":{"loc":{"start":{"line":11,"column":8},"end":{"line":11,"column":null}},"type":"if","locations":[{"start":{"line":11,"column":8},"end":{"line":11,"column":null}}]}},"s":{"0":7,"1":7,"2":3,"3":1,"4":2,"5":3},"f":{"0":7,"1":3},"b":{"0":[1]}}
}
