TN:
SF:src\index.ts
FN:17,(anonymous_1)
FN:18,(anonymous_2)
FNF:2
FNH:2
FNDA:2,(anonymous_1)
FNDA:2,(anonymous_2)
DA:1,2
DA:2,2
DA:3,2
DA:4,2
DA:5,2
DA:7,2
DA:9,2
DA:10,2
DA:11,2
DA:13,2
DA:15,2
DA:17,2
DA:18,2
DA:20,2
LF:14
LH:14
BRF:0
BRH:0
end_of_record
TN:
SF:src\constants\user.ts
FNF:0
FNH:0
DA:1,2
DA:2,2
LF:2
LH:2
BRF:0
BRH:0
end_of_record
TN:
SF:src\controllers\user\createUser.ts
FN:9,(anonymous_1)
FN:11,(anonymous_2)
FNF:2
FNH:2
FNDA:3,(anonymous_1)
FNDA:3,(anonymous_2)
DA:1,2
DA:5,2
DA:6,2
DA:11,3
DA:12,3
DA:13,3
DA:15,3
DA:16,3
DA:18,2
DA:19,2
DA:21,2
DA:23,1
DA:24,1
DA:29,2
LF:14
LH:14
BRF:0
BRH:0
end_of_record
TN:
SF:src\criptography\hash\hash.ts
FN:5,(anonymous_1)
FNF:1
FNH:1
FNDA:3,(anonymous_1)
DA:1,2
DA:6,3
DA:7,2
DA:13,2
LF:4
LH:4
BRF:0
BRH:0
end_of_record
TN:
SF:src\middlewares\user\verify_user.ts
FN:5,(anonymous_1)
FNF:1
FNH:1
FNDA:4,(anonymous_1)
DA:1,2
DA:2,2
DA:3,2
DA:5,2
DA:6,4
DA:8,4
DA:10,4
DA:11,4
DA:13,3
DA:14,3
DA:15,3
DA:16,3
DA:17,3
DA:18,3
DA:19,3
DA:21,3
DA:22,1
DA:26,2
LF:18
LH:18
BRDA:11,0,0,1
BRDA:13,1,0,3
BRDA:13,1,1,3
BRDA:17,2,0,3
BRDA:17,2,1,3
BRDA:18,3,0,3
BRDA:18,3,1,3
BRDA:21,4,0,2
BRDA:21,5,0,3
BRDA:21,5,1,3
BRDA:21,5,2,2
BRDA:21,5,3,2
BRDA:21,5,4,2
BRDA:21,5,5,2
BRDA:21,5,6,2
BRF:15
BRH:15
end_of_record
TN:
SF:src\mocks\user\user.ts
FN:3,(anonymous_1)
FNF:1
FNH:1
FNDA:4,(anonymous_1)
DA:1,2
DA:3,2
DA:4,4
DA:5,4
DA:8,2
DA:18,2
DA:28,2
DA:38,2
LF:8
LH:8
BRF:0
BRH:0
end_of_record
TN:
SF:src\models\user\User.ts
FNF:0
FNH:0
DA:1,2
DA:4,2
DA:14,2
LF:3
LH:3
BRF:0
BRH:0
end_of_record
TN:
SF:src\routes\index.ts
FNF:0
FNH:0
DA:1,2
DA:3,2
LF:2
LH:2
BRF:0
BRH:0
end_of_record
TN:
SF:src\routes\user\user.ts
FNF:0
FNH:0
DA:1,2
DA:2,2
DA:3,2
DA:5,2
DA:7,2
DA:9,2
DA:11,2
LF:7
LH:7
BRF:0
BRH:0
end_of_record
TN:
SF:src\util\database\mongoose.ts
FN:8,(anonymous_1)
FN:12,(anonymous_2)
FN:16,(anonymous_3)
FNF:3
FNH:3
FNDA:6,(anonymous_1)
FNDA:2,(anonymous_2)
FNDA:4,(anonymous_3)
DA:1,2
DA:3,2
DA:9,6
DA:13,2
DA:17,4
DA:21,2
LF:6
LH:6
BRF:0
BRH:0
end_of_record
TN:
SF:src\util\errors\errors.ts
FN:5,(anonymous_0)
FN:10,(anonymous_1)
FNF:2
FNH:2
FNDA:7,(anonymous_0)
FNDA:3,(anonymous_1)
DA:6,7
DA:7,7
DA:11,3
DA:12,2
DA:17,3
LF:5
LH:5
BRDA:11,0,0,1
BRF:1
BRH:1
end_of_record
